f:\dnfproject\driver\kmdf driver\memorydriver\x64\debug\vc142.pdb
f:\dnfproject\driver\kmdf driver\memorydriver\x64\debug\cr0.obj
f:\dnfproject\driver\kmdf driver\memorydriver\x64\debug\memory.obj
f:\dnfproject\driver\kmdf driver\memorydriver\x64\debug\driver.obj
f:\dnfproject\driver\kmdf driver\x64\debug\memorydriver.sys
f:\dnfproject\driver\kmdf driver\x64\debug\memorydriver.pdb
f:\dnfproject\driver\kmdf driver\memorydriver\x64\debug\memorydriver.inf
f:\dnfproject\driver\kmdf driver\x64\debug\memorydriver.cer
f:\dnfproject\driver\kmdf driver\x64\debug\memorydriver.inf
f:\dnfproject\driver\kmdf driver\memorydriver\x64\debug\memorydriver.tlog\cl.command.1.tlog
f:\dnfproject\driver\kmdf driver\memorydriver\x64\debug\memorydriver.tlog\cl.read.1.tlog
f:\dnfproject\driver\kmdf driver\memorydriver\x64\debug\memorydriver.tlog\cl.write.1.tlog
f:\dnfproject\driver\kmdf driver\memorydriver\x64\debug\memorydriver.tlog\link.command.1.tlog
f:\dnfproject\driver\kmdf driver\memorydriver\x64\debug\memorydriver.tlog\link.read.1.tlog
f:\dnfproject\driver\kmdf driver\memorydriver\x64\debug\memorydriver.tlog\link.write.1.tlog
f:\dnfproject\driver\kmdf driver\memorydriver\x64\debug\memorydriver.tlog\signtool.command.1.tlog
f:\dnfproject\driver\kmdf driver\memorydriver\x64\debug\memorydriver.tlog\signtool.read.1.tlog
f:\dnfproject\driver\kmdf driver\memorydriver\x64\debug\memorydriver.tlog\signtool.timestamp.1.tlog
f:\dnfproject\driver\kmdf driver\memorydriver\x64\debug\memorydriver.tlog\signtool.write.1.tlog
f:\dnfproject\driver\kmdf driver\memorydriver\x64\debug\memorydriver.tlog\stampinf.command.1.tlog
f:\dnfproject\driver\kmdf driver\memorydriver\x64\debug\memorydriver.tlog\stampinf.read.1.tlog
f:\dnfproject\driver\kmdf driver\memorydriver\x64\debug\memorydriver.tlog\stampinf.write.1.tlog
