f:\dnfproject\driver\kmdf driver\kmdf driver\x64\debug\vc142.pdb
f:\dnfproject\driver\kmdf driver\kmdf driver\x64\debug\protect.obj
f:\dnfproject\driver\kmdf driver\kmdf driver\x64\debug\memory.obj
f:\dnfproject\driver\kmdf driver\kmdf driver\x64\debug\irp.obj
f:\dnfproject\driver\kmdf driver\kmdf driver\x64\debug\driver.obj
f:\dnfproject\driver\kmdf driver\kmdf driver\x64\debug\device.obj
f:\dnfproject\driver\kmdf driver\x64\debug\kmdfdriver.sys
f:\dnfproject\driver\kmdf driver\x64\debug\kmdfdriver.pdb
f:\dnfproject\driver\kmdf driver\kmdf driver\x64\debug\kmdfdriver.inf
f:\dnfproject\driver\kmdf driver\x64\debug\kmdfdriver.cer
f:\dnfproject\driver\kmdf driver\x64\debug\kmdfdriver.inf
f:\dnfproject\driver\kmdf driver\kmdf driver\x64\debug\kmdf driver.tlog\cl.command.1.tlog
f:\dnfproject\driver\kmdf driver\kmdf driver\x64\debug\kmdf driver.tlog\cl.read.1.tlog
f:\dnfproject\driver\kmdf driver\kmdf driver\x64\debug\kmdf driver.tlog\cl.write.1.tlog
f:\dnfproject\driver\kmdf driver\kmdf driver\x64\debug\kmdf driver.tlog\link.command.1.tlog
f:\dnfproject\driver\kmdf driver\kmdf driver\x64\debug\kmdf driver.tlog\link.read.1.tlog
f:\dnfproject\driver\kmdf driver\kmdf driver\x64\debug\kmdf driver.tlog\link.write.1.tlog
f:\dnfproject\driver\kmdf driver\kmdf driver\x64\debug\kmdf driver.tlog\signtool.command.1.tlog
f:\dnfproject\driver\kmdf driver\kmdf driver\x64\debug\kmdf driver.tlog\signtool.read.1.tlog
f:\dnfproject\driver\kmdf driver\kmdf driver\x64\debug\kmdf driver.tlog\signtool.timestamp.1.tlog
f:\dnfproject\driver\kmdf driver\kmdf driver\x64\debug\kmdf driver.tlog\signtool.write.1.tlog
f:\dnfproject\driver\kmdf driver\kmdf driver\x64\debug\kmdf driver.tlog\stampinf.command.1.tlog
f:\dnfproject\driver\kmdf driver\kmdf driver\x64\debug\kmdf driver.tlog\stampinf.read.1.tlog
f:\dnfproject\driver\kmdf driver\kmdf driver\x64\debug\kmdf driver.tlog\stampinf.write.1.tlog
