f:\dnfproject\driver\kmdf driver\mfcapplication\x64\debug\mfcapplication.pch
f:\dnfproject\driver\kmdf driver\mfcapplication\x64\debug\vc142.pdb
f:\dnfproject\driver\kmdf driver\mfcapplication\x64\debug\vc142.idb
f:\dnfproject\driver\kmdf driver\mfcapplication\x64\debug\pch.obj
f:\dnfproject\driver\kmdf driver\mfcapplication\x64\debug\process.obj
f:\dnfproject\driver\kmdf driver\mfcapplication\x64\debug\mfcapplication.obj
f:\dnfproject\driver\kmdf driver\mfcapplication\x64\debug\memoryreaderwriter.obj
f:\dnfproject\driver\kmdf driver\mfcapplication\x64\debug\driver.obj
f:\dnfproject\driver\kmdf driver\mfcapplication\x64\debug\dnfhelper.obj
f:\dnfproject\driver\kmdf driver\mfcapplication\x64\debug\debug.obj
f:\dnfproject\driver\kmdf driver\mfcapplication\x64\debug\mfcapplicationdlg.obj
f:\dnfproject\driver\kmdf driver\mfcapplication\x64\debug\mfcapplication.ilk
f:\dnfproject\driver\kmdf driver\x64\debug\mfcapplication.exe
f:\dnfproject\driver\kmdf driver\x64\debug\mfcapplication.pdb
f:\dnfproject\driver\kmdf driver\mfcapplication\x64\debug\test.obj
f:\dnfproject\driver\kmdf driver\mfcapplication\x64\debug\mfcapplication.res
f:\dnfproject\driver\kmdf driver\mfcapplication\x64\debug\mfcapplication.tlog\cl.command.1.tlog
f:\dnfproject\driver\kmdf driver\mfcapplication\x64\debug\mfcapplication.tlog\cl.read.1.tlog
f:\dnfproject\driver\kmdf driver\mfcapplication\x64\debug\mfcapplication.tlog\cl.write.1.tlog
f:\dnfproject\driver\kmdf driver\mfcapplication\x64\debug\mfcapplication.tlog\link.command.1.tlog
f:\dnfproject\driver\kmdf driver\mfcapplication\x64\debug\mfcapplication.tlog\link.read.1.tlog
f:\dnfproject\driver\kmdf driver\mfcapplication\x64\debug\mfcapplication.tlog\link.write.1.tlog
f:\dnfproject\driver\kmdf driver\mfcapplication\x64\debug\mfcapplication.tlog\masm.read.1u.tlog
f:\dnfproject\driver\kmdf driver\mfcapplication\x64\debug\mfcapplication.tlog\masm.write.1u.tlog
f:\dnfproject\driver\kmdf driver\mfcapplication\x64\debug\mfcapplication.tlog\rc.command.1.tlog
f:\dnfproject\driver\kmdf driver\mfcapplication\x64\debug\mfcapplication.tlog\rc.read.1.tlog
f:\dnfproject\driver\kmdf driver\mfcapplication\x64\debug\mfcapplication.tlog\rc.write.1.tlog
